<?xml version="1.0" encoding="UTF-8"?>
<testsuite name="edu.unomaha.docusign.project.rest.ProjectEndpointTest" tests="1" skipped="0" failures="0" errors="0" timestamp="2021-04-13T00:16:15" hostname="JAKEPUTER" time="0.066">
  <properties/>
  <testcase name="testGetDocumentsByBuilder(Project)" classname="edu.unomaha.docusign.project.rest.ProjectEndpointTest" time="0.066"/>
  <system-out><![CDATA[]]></system-out>
  <system-err><![CDATA[]]></system-err>
</testsuite>
