<?xml version="1.0" encoding="UTF-8"?>
<testsuite name="edu.unomaha.docusign.project.dao.ProjectDaoTest" tests="1" skipped="0" failures="0" errors="0" timestamp="2021-04-13T00:16:14" hostname="JAKEPUTER" time="0.825">
  <properties/>
  <testcase name="testFindAllDocumentsByBuilder(TypedQuery, Project)" classname="edu.unomaha.docusign.project.dao.ProjectDaoTest" time="0.825"/>
  <system-out><![CDATA[]]></system-out>
  <system-err><![CDATA[]]></system-err>
</testsuite>
